apt-cache search php | grep sqlite2023-03-20 07:13:13 - error_handler : длина превыщает 5 символов
2023-03-20 07:13:35 - error_handler : длина превыщает 5 символов 
2024-04-12 07:40:28 - error_handler : Проверочная ошибка 
2024-04-15 12:46:02 - error_handler : could not find driver 
2024-04-15 12:46:25 - error_handler : could not find driver 
2024-04-15 12:46:50 - error_handler : could not find driver 
2024-04-15 12:46:57 - error_handler : could not find driver 
2024-04-15 12:47:31 - error_handler : could not find driver 
2024-04-15 12:48:18 - error_handler : could not find driver 
2024-04-15 12:49:15 - error_handler : could not find driver 
2024-04-15 12:49:49 - error_handler : could not find driver 
2024-04-15 12:51:08 - error_handler : /home/svetalana/PhpstormProjects/php_lessons/PHP_lessons/lesson6/db.php 
2024-04-15 12:58:07 - error_handler : /home/svetalana/PhpstormProjects/php_lessons/PHP_lessons/lesson6/db.php 
2024-04-15 12:58:34 - error_handler : /home/svetalana/PhpstormProjects/php_lessons/PHP_lessons/lesson6/db.php 
2024-04-15 12:59:50 - error_handler : /home/svetalana/PhpstormProjects/php_lessons/PHP_lessons/lesson6/db.php 
2024-04-15 13:09:01 - error_handler : /home/svetalana/PhpstormProjects/php_lessons/PHP_lessons/lesson6/db.php 
2024-04-16 08:22:39 - error_handler : /home/svetalana/PhpstormProjects/php_lessons/PHP_lessons/lesson6/controller/SecurityController.php 
2024-04-16 08:22:41 - error_handler : /home/svetalana/PhpstormProjects/php_lessons/PHP_lessons/lesson6/controller/SecurityController.php 
2024-04-16 08:23:00 - error_handler : /home/svetalana/PhpstormProjects/php_lessons/PHP_lessons/lesson6/controller/SecurityController.php 
2024-04-16 08:24:01 - error_handler : /home/svetalana/PhpstormProjects/php_lessons/PHP_lessons/lesson6/controller/SecurityController.php 
2024-04-16 08:24:02 - error_handler : /home/svetalana/PhpstormProjects/php_lessons/PHP_lessons/lesson6/controller/SecurityController.php 
2024-04-16 08:24:03 - error_handler : /home/svetalana/PhpstormProjects/php_lessons/PHP_lessons/lesson6/controller/SecurityController.php 
2024-04-16 08:24:06 - error_handler : /home/svetalana/PhpstormProjects/php_lessons/PHP_lessons/lesson6/controller/SecurityController.php 
2024-04-16 08:24:15 - error_handler : /home/svetalana/PhpstormProjects/php_lessons/PHP_lessons/lesson6/controller/SecurityController.php 
2024-04-16 08:24:25 - error_handler : /home/svetalana/PhpstormProjects/php_lessons/PHP_lessons/lesson6/controller/SecurityController.php 
2024-04-16 08:24:45 - error_handler : /home/svetalana/PhpstormProjects/php_lessons/PHP_lessons/lesson6/controller/SecurityController.php 
2024-04-16 08:24:46 - error_handler : /home/svetalana/PhpstormProjects/php_lessons/PHP_lessons/lesson6/controller/SecurityController.php 
2024-04-16 08:24:47 - error_handler : /home/svetalana/PhpstormProjects/php_lessons/PHP_lessons/lesson6/controller/SecurityController.php 
2024-04-16 08:26:14 - error_handler : Failed opening required '../db.php' (include_path='.:/usr/share/php') 
2024-04-16 08:27:20 - error_handler : Failed opening required '../db.php' (include_path='.:/usr/share/php') 
2024-04-16 08:27:22 - error_handler : Failed opening required '../db.php' (include_path='.:/usr/share/php') 
2024-04-16 08:32:58 - error_handler : Failed opening required '../view/signin.php' (include_path='.:/usr/share/php') 
2024-04-16 08:45:20 - error_handler : Failed opening required '../db.php' (include_path='.:/usr/share/php') 
2024-04-16 08:47:03 - error_handler : Failed opening required '../db.php' (include_path='.:/usr/share/php') 
2024-04-16 10:29:34 - error_handler : Failed opening required '../db.php' (include_path='.:/usr/share/php') 
2024-04-16 10:29:36 - error_handler : Failed opening required '../db.php' (include_path='.:/usr/share/php') 
